<?xml version="1.0" encoding="UTF-8"?>
<coverage generated="1676558666447" clover="3.2.0">
  <project timestamp="1676558666447" name="All files">
    <metrics statements="6" coveredstatements="6" conditionals="4" coveredconditionals="2" methods="4" coveredmethods="4" elements="14" coveredelements="12" complexity="0" loc="6" ncloc="6" packages="1" files="2" classes="2"/>
    <file name="index.tsx" path="/home/tierry/Documentos/DEV/MyWall/MyWall/src/components/CardImage/index.tsx">
      <metrics statements="4" coveredstatements="4" conditionals="2" coveredconditionals="1" methods="3" coveredmethods="3"/>
      <line num="10" count="2" type="stmt"/>
      <line num="20" count="1" type="stmt"/>
      <line num="30" count="2" type="stmt"/>
      <line num="38" count="1" type="stmt"/>
    </file>
    <file name="styles.ts" path="/home/tierry/Documentos/DEV/MyWall/MyWall/src/components/CardImage/styles.ts">
      <metrics statements="2" coveredstatements="2" conditionals="2" coveredconditionals="1" methods="1" coveredmethods="1"/>
      <line num="7" count="1" type="stmt"/>
      <line num="8" count="2" type="cond" truecount="1" falsecount="1"/>
    </file>
  </project>
</coverage>
