{"/home/tierry/Documentos/DEV/MyWall/MyWall/src/components/CardImage/index.tsx": {"path":"/home/tierry/Documentos/DEV/MyWall/MyWall/src/components/CardImage/index.tsx","statementMap":{"0":{"start":{"line":10,"column":21},"end":{"line":10,"column":36}},"1":{"start":{"line":20,"column":4},"end":{"line":27,"column":7}},"2":{"start":{"line":30,"column":2},"end":{"line":50,"column":4}},"3":{"start":{"line":38,"column":25},"end":{"line":38,"column":47}}},"fnMap":{"0":{"name":"CardImage","decl":{"start":{"line":9,"column":16},"end":{"line":9,"column":25}},"loc":{"start":{"line":9,"column":37},"end":{"line":51,"column":1}},"line":9},"1":{"name":"handleOPenPhoto","decl":{"start":{"line":12,"column":11},"end":{"line":12,"column":26}},"loc":{"start":{"line":19,"column":18},"end":{"line":28,"column":3}},"line":19},"2":{"name":"(anonymous_2)","decl":{"start":{"line":38,"column":19},"end":{"line":38,"column":20}},"loc":{"start":{"line":38,"column":25},"end":{"line":38,"column":47}},"line":38}},"branchMap":{"0":{"loc":{"start":{"line":32,"column":7},"end":{"line":48,"column":7}},"type":"cond-expr","locations":[{"start":{"line":33,"column":8},"end":{"line":33,"column":43}},{"start":{"line":35,"column":8},"end":{"line":47,"column":22}}],"line":32}},"s":{"0":2,"1":1,"2":2,"3":1},"f":{"0":2,"1":1,"2":1},"b":{"0":[0,2]},"_coverageSchema":"1a1c01bbd47fc00a2c39e90264f33305004495a9","hash":"6215b110e2a32ed5b9668271da1e1ab042e01515"}
,"/home/tierry/Documentos/DEV/MyWall/MyWall/src/components/CardImage/styles.ts": {"path":"/home/tierry/Documentos/DEV/MyWall/MyWall/src/components/CardImage/styles.ts","statementMap":{"0":{"start":{"line":7,"column":25},"end":{"line":15,"column":1}},"1":{"start":{"line":8,"column":37},"end":{"line":8,"column":67}}},"fnMap":{"0":{"name":"(anonymous_0)","decl":{"start":{"line":8,"column":22},"end":{"line":8,"column":23}},"loc":{"start":{"line":8,"column":37},"end":{"line":8,"column":67}},"line":8}},"branchMap":{"0":{"loc":{"start":{"line":8,"column":37},"end":{"line":8,"column":67}},"type":"cond-expr","locations":[{"start":{"line":8,"column":45},"end":{"line":8,"column":58}},{"start":{"line":8,"column":61},"end":{"line":8,"column":67}}],"line":8}},"s":{"0":1,"1":2},"f":{"0":2},"b":{"0":[0,2]},"_coverageSchema":"1a1c01bbd47fc00a2c39e90264f33305004495a9","hash":"e49fd3affc14c4ee8920d520f10e6e94928593b6"}
}
